<?xml version="1.0" encoding="UTF-8"?>
<!-- Generated by org.testng.reporters.JUnitReportReporter -->
<testsuite hostname="DESKTOP-KTJNVA9" failures="0" tests="1" name="com.WACart.qa.testdata.ExcelLibraryTestData" time="0.791" errors="0" timestamp="13 Aug 2022 06:47:43 GMT" skipped="0">
  <testcase classname="com.WACart.qa.testdata.ExcelLibraryTestData" name="readexcel" time="0.791"/>
</testsuite> <!-- com.WACart.qa.testdata.ExcelLibraryTestData -->
