<?xml version="1.0" encoding="UTF-8"?>
<!-- Generated by org.testng.reporters.JUnitReportReporter -->
<testsuite hostname="LAPTOP-N8ICA1Q5" failures="0" tests="1" name="com.WACart.qa.TestCases.LoginPageTest" time="12.227" errors="0" timestamp="06 Aug 2022 05:46:42 GMT" skipped="0">
  <testcase classname="com.WACart.qa.TestCases.LoginPageTest" name="loginPageTitleTest" time="12.227"/>
</testsuite> <!-- com.WACart.qa.TestCases.LoginPageTest -->
